Flow report for countpro
Thu Jul 16 11:49:43 2009
Quartus II Version 8.0 Build 215 05/29/2008 SJ Full Version


---------------------
; Table of Contents ;
---------------------
  1. Legal Notice
  2. Flow Summary
  3. Flow Settings
  4. Flow Non-Default Global Settings
  5. Flow Elapsed Time
  6. Flow Log



----------------
; Legal Notice ;
----------------
Copyright (C) 1991-2008 Altera Corporation
Your use of Altera Corporation's design tools, logic functions 
and other software and tools, and its AMPP partner logic 
functions, and any output files from any of the foregoing 
(including device programming or simulation files), and any 
associated documentation or information are expressly subject 
to the terms and conditions of the Altera Program License 
Subscription Agreement, Altera MegaCore Function License 
Agreement, or other applicable license agreement, including, 
without limitation, that your use is for the sole purpose of 
programming logic devices manufactured by Altera and sold by 
Altera or its authorized distributors.  Please refer to the 
applicable agreement for further details.



+-------------------------------------------------------------------------------+
; Flow Summary                                                                  ;
+------------------------------------+------------------------------------------+
; Flow Status                        ; Successful - Thu Jul 16 11:49:43 2009    ;
; Quartus II Version                 ; 8.0 Build 215 05/29/2008 SJ Full Version ;
; Revision Name                      ; countpro                                 ;
; Top-level Entity Name              ; countpro                                 ;
; Family                             ; Cyclone II                               ;
; Device                             ; EP2C8T144C8                              ;
; Timing Models                      ; Final                                    ;
; Met timing requirements            ; Yes                                      ;
; Total logic elements               ; 35 / 8,256 ( < 1 % )                     ;
;     Total combinational functions  ; 35 / 8,256 ( < 1 % )                     ;
;     Dedicated logic registers      ; 27 / 8,256 ( < 1 % )                     ;
; Total registers                    ; 27                                       ;
; Total pins                         ; 4 / 85 ( 5 % )                           ;
; Total virtual pins                 ; 0                                        ;
; Total memory bits                  ; 0 / 165,888 ( 0 % )                      ;
; Embedded Multiplier 9-bit elements ; 0 / 36 ( 0 % )                           ;
; Total PLLs                         ; 0 / 2 ( 0 % )                            ;
+------------------------------------+------------------------------------------+


+-----------------------------------------+
; Flow Settings                           ;
+-------------------+---------------------+
; Option            ; Setting             ;
+-------------------+---------------------+
; Start date & time ; 07/16/2009 11:49:03 ;
; Main task         ; Compilation         ;
; Revision Name     ; countpro            ;
+-------------------+---------------------+


+----------------------------------------------------------------------------------------------------------------------------+
; Flow Non-Default Global Settings                                                                                           ;
+------------------------------------+-----------------------------+------------------------------+-------------+------------+
; Assignment Name                    ; Value                       ; Default Value                ; Entity Name ; Section Id ;
+------------------------------------+-----------------------------+------------------------------+-------------+------------+
; COMPILER_SIGNATURE_ID              ; 46780590058.124771614302844 ; --                           ; --          ; --         ;
; INCREMENTAL_COMPILATION            ; Off                         ; FULL_INCREMENTAL_COMPILATION ; --          ; --         ;
; MAX_CORE_JUNCTION_TEMP             ; 85                          ; --                           ; --          ; --         ;
; MIN_CORE_JUNCTION_TEMP             ; 0                           ; --                           ; --          ; --         ;
; USE_GENERATED_PHYSICAL_CONSTRAINTS ; Off                         ; --                           ; --          ; eda_palace ;
+------------------------------------+-----------------------------+------------------------------+-------------+------------+


+-----------------------------------------------------------------------------------------------------------------------------+
; Flow Elapsed Time                                                                                                           ;
+-------------------------+--------------+-------------------------+---------------------+------------------------------------+
; Module Name             ; Elapsed Time ; Average Processors Used ; Peak Virtual Memory ; Total CPU Time (on all processors) ;
+-------------------------+--------------+-------------------------+---------------------+------------------------------------+
; Analysis & Synthesis    ; 00:00:05     ; 1.0                     ; 150 MB              ; 00:00:03                           ;
; Fitter                  ; 00:00:10     ; 1.0                     ; 172 MB              ; 00:00:06                           ;
; Assembler               ; 00:00:05     ; 1.0                     ; 153 MB              ; 00:00:04                           ;
; Classic Timing Analyzer ; 00:00:03     ; 1.0                     ; 112 MB              ; 00:00:02                           ;
; Total                   ; 00:00:23     ; --                      ; --                  ; 00:00:15                           ;
+-------------------------+--------------+-------------------------+---------------------+------------------------------------+


------------
; Flow Log ;
------------
quartus_map --read_settings_files=on --write_settings_files=off countpro -c countpro
quartus_fit --read_settings_files=off --write_settings_files=off countpro -c countpro
quartus_asm --read_settings_files=off --write_settings_files=off countpro -c countpro
quartus_tan --read_settings_files=off --write_settings_files=off countpro -c countpro --timing_analysis_only



