Fitter report for keypad_scanner
Mon Jun 09 13:23:26 2008
Quartus II Version 7.2 Build 151 09/26/2007 SJ Full Version


---------------------
; Table of Contents ;
---------------------
  1. Legal Notice
  2. Fitter Summary
  3. Fitter Settings
  4. Pin-Out File
  5. Fitter Resource Usage Summary
  6. Input Pins
  7. Output Pins
  8. I/O Bank Usage
  9. All Package Pins
 10. Output Pin Default Load For Reported TCO
 11. Fitter Resource Utilization by Entity
 12. Delay Chain Summary
 13. Control Signals
 14. Global & Other Fast Signals
 15. Non-Global High Fan-Out Signals
 16. Interconnect Usage Summary
 17. LAB Logic Elements
 18. LAB-wide Signals
 19. LAB Signals Sourced
 20. LAB Signals Sourced Out
 21. LAB Distinct Inputs
 22. Fitter Device Options
 23. Fitter Messages
 24. Fitter Suppressed Messages



----------------
; Legal Notice ;
----------------
Copyright (C) 1991-2007 Altera Corporation
Your use of Altera Corporation's design tools, logic functions 
and other software and tools, and its AMPP partner logic 
functions, and any output files from any of the foregoing 
(including device programming or simulation files), and any 
associated documentation or information are expressly subject 
to the terms and conditions of the Altera Program License 
Subscription Agreement, Altera MegaCore Function License 
Agreement, or other applicable license agreement, including, 
without limitation, that your use is for the sole purpose of 
programming logic devices manufactured by Altera and sold by 
Altera or its authorized distributors.  Please refer to the 
applicable agreement for further details.



+------------------------------------------------------------------+
; Fitter Summary                                                   ;
+-----------------------+------------------------------------------+
; Fitter Status         ; Successful - Mon Jun 09 13:23:25 2008    ;
; Quartus II Version    ; 7.2 Build 151 09/26/2007 SJ Full Version ;
; Revision Name         ; keypad_scanner                           ;
; Top-level Entity Name ; keypad_scanner                           ;
; Family                ; MAX II                                   ;
; Device                ; EPM1270T144C5                            ;
; Timing Models         ; Final                                    ;
; Total logic elements  ; 62 / 1,270 ( 5 % )                       ;
; Total pins            ; 29 / 116 ( 25 % )                        ;
; Total virtual pins    ; 0                                        ;
; UFM blocks            ; 0 / 1 ( 0 % )                            ;
+-----------------------+------------------------------------------+


+--------------------------------------------------------------------------------------------------------------------------------------+
; Fitter Settings                                                                                                                      ;
+--------------------------------------------------------------------+--------------------------------+--------------------------------+
; Option                                                             ; Setting                        ; Default Value                  ;
+--------------------------------------------------------------------+--------------------------------+--------------------------------+
; Device                                                             ; EPM1270T144C5                  ;                                ;
; Fit Attempts to Skip                                               ; 0                              ; 0.0                            ;
; Use smart compilation                                              ; Off                            ; Off                            ;
; Maximum processors allowed for parallel compilation                ; 1                              ; 1                              ;
; Use TimeQuest Timing Analyzer                                      ; Off                            ; Off                            ;
; Router Timing Optimization Level                                   ; Normal                         ; Normal                         ;
; Placement Effort Multiplier                                        ; 1.0                            ; 1.0                            ;
; Router Effort Multiplier                                           ; 1.0                            ; 1.0                            ;
; Always Enable Input Buffers                                        ; Off                            ; Off                            ;
; Optimize Hold Timing                                               ; IO Paths and Minimum TPD Paths ; IO Paths and Minimum TPD Paths ;
; Optimize Fast-Corner Timing                                        ; Off                            ; Off                            ;
; Equivalent RAM and MLAB Paused Read Capabilities                   ; Care                           ; Care                           ;
; Guarantee I/O Paths Have Zero Hold Time at Fast Corner             ; On                             ; On                             ;
; PowerPlay Power Optimization                                       ; Normal compilation             ; Normal compilation             ;
; Optimize Timing                                                    ; Normal compilation             ; Normal compilation             ;
; Optimize IOC Register Placement for Timing                         ; On                             ; On                             ;
; Limit to One Fitting Attempt                                       ; Off                            ; Off                            ;
; Final Placement Optimizations                                      ; Automatically                  ; Automatically                  ;
; Fitter Aggressive Routability Optimizations                        ; Automatically                  ; Automatically                  ;
; Fitter Initial Placement Seed                                      ; 1                              ; 1                              ;
; Slow Slew Rate                                                     ; Off                            ; Off                            ;
; PCI I/O                                                            ; Off                            ; Off                            ;
; Weak Pull-Up Resistor                                              ; Off                            ; Off                            ;
; Enable Bus-Hold Circuitry                                          ; Off                            ; Off                            ;
; Auto Delay Chains                                                  ; On                             ; On                             ;
; Perform Physical Synthesis for Combinational Logic for Performance ; Off                            ; Off                            ;
; Perform Register Duplication for Performance                       ; Off                            ; Off                            ;
; Perform Register Retiming for Performance                          ; Off                            ; Off                            ;
; Perform Asynchronous Signal Pipelining                             ; Off                            ; Off                            ;
; Fitter Effort                                                      ; Auto Fit                       ; Auto Fit                       ;
; Physical Synthesis Effort Level                                    ; Normal                         ; Normal                         ;
; Logic Cell Insertion - Logic Duplication                           ; Auto                           ; Auto                           ;
; Auto Register Duplication                                          ; Auto                           ; Auto                           ;
; Auto Global Clock                                                  ; On                             ; On                             ;
; Auto Global Register Control Signals                               ; On                             ; On                             ;
; Stop After Congestion Map Generation                               ; Off                            ; Off                            ;
; Save Intermediate Fitting Results                                  ; Off                            ; Off                            ;
+--------------------------------------------------------------------+--------------------------------+--------------------------------+


+--------------+
; Pin-Out File ;
+--------------+
The pin-out file can be found in F:/CPLD数据采集板/CY68013开发相关资料/CPLD例程/keypad_scanner/keypad_scanner.pin.


+------------------------------------------------------------------+
; Fitter Resource Usage Summary                                    ;
+---------------------------------------------+--------------------+
; Resource                                    ; Usage              ;
+---------------------------------------------+--------------------+
; Total logic elements                        ; 62 / 1,270 ( 5 % ) ;
;     -- Combinational with no register       ; 15                 ;
;     -- Register only                        ; 12                 ;
;     -- Combinational with a register        ; 35                 ;
;                                             ;                    ;
; Logic element usage by number of LUT inputs ;                    ;
;     -- 4 input functions                    ; 8                  ;
;     -- 3 input functions                    ; 4                  ;
;     -- 2 input functions                    ; 38                 ;
;     -- 1 input functions                    ; 8                  ;
;     -- 0 input functions                    ; 4                  ;
;                                             ;                    ;
; Logic elements by mode                      ;                    ;
;     -- normal mode                          ; 47                 ;
;     -- arithmetic mode                      ; 15                 ;
;     -- qfbk mode                            ; 0                  ;
;     -- register cascade mode                ; 0                  ;
;     -- synchronous clear/load mode          ; 21                 ;
;     -- asynchronous clear/load mode         ; 0                  ;
;                                             ;                    ;
; Total registers                             ; 47 / 1,270 ( 4 % ) ;
; Total LABs                                  ; 7 / 127 ( 6 % )    ;
; Logic elements in carry chains              ; 16                 ;
; User inserted logic elements                ; 0                  ;
; Virtual pins                                ; 0                  ;
; I/O pins                                    ; 29 / 116 ( 25 % )  ;
;     -- Clock pins                           ; 1                  ;
; Global signals                              ; 1                  ;
; UFM blocks                                  ; 0 / 1 ( 0 % )      ;
; Global clocks                               ; 1 / 4 ( 25 % )     ;
; Average interconnect usage                  ; 1%                 ;
; Peak interconnect usage                     ; 2%                 ;
; Maximum fan-out node                        ; clk_i              ;
; Maximum fan-out                             ; 47                 ;
; Highest non-global fan-out signal           ; rst_i              ;
; Highest non-global fan-out                  ; 21                 ;
; Total fan-out                               ; 255                ;
; Average fan-out                             ; 2.80               ;
+---------------------------------------------+--------------------+


+-----------------------------------------------------------------------------------------------------------------------------------------------------------------------------------------------------------------+
; Input Pins                                                                                                                                                                                                      ;
+----------+-------+----------+--------------+--------------+-------------+-----------------------+--------------------+--------+-----------------+----------+--------------+--------------+----------------------+
; Name     ; Pin # ; I/O Bank ; X coordinate ; Y coordinate ; Cell number ; Combinational Fan-Out ; Registered Fan-Out ; Global ; PCI I/O Enabled ; Bus Hold ; Weak Pull Up ; I/O Standard ; Location assigned by ;
+----------+-------+----------+--------------+--------------+-------------+-----------------------+--------------------+--------+-----------------+----------+--------------+--------------+----------------------+
; clk_en_i ; 120   ; 2        ; 10           ; 11           ; 0           ; 2                     ; 0                  ; no     ; no              ; no       ; Off          ; 3.3-V LVTTL  ; Fitter               ;
; clk_i    ; 18    ; 1        ; 0            ; 7            ; 5           ; 47                    ; 0                  ; yes    ; no              ; no       ; Off          ; 3.3-V LVTTL  ; Fitter               ;
; col_i[0] ; 63    ; 4        ; 10           ; 3            ; 1           ; 2                     ; 0                  ; no     ; no              ; no       ; Off          ; 3.3-V LVTTL  ; Fitter               ;
; col_i[1] ; 119   ; 2        ; 11           ; 11           ; 3           ; 2                     ; 0                  ; no     ; no              ; no       ; Off          ; 3.3-V LVTTL  ; Fitter               ;
; col_i[2] ; 6     ; 1        ; 0            ; 9            ; 3           ; 2                     ; 0                  ; no     ; no              ; no       ; Off          ; 3.3-V LVTTL  ; Fitter               ;
; col_i[3] ; 130   ; 2        ; 8            ; 11           ; 1           ; 2                     ; 0                  ; no     ; no              ; no       ; Off          ; 3.3-V LVTTL  ; Fitter               ;
; rst_i    ; 118   ; 2        ; 11           ; 11           ; 2           ; 21                    ; 0                  ; no     ; no              ; no       ; Off          ; 3.3-V LVTTL  ; Fitter               ;
; scan_i   ; 61    ; 4        ; 10           ; 3            ; 3           ; 1                     ; 0                  ; no     ; no              ; no       ; Off          ; 3.3-V LVTTL  ; Fitter               ;
+----------+-------+----------+--------------+--------------+-------------+-----------------------+--------------------+--------+-----------------+----------+--------------+--------------+----------------------+


+--------------------------------------------------------------------------------------------------------------------------------------------------------------------------------------------------------------------------------------------------------------------------------+
; Output Pins                                                                                                                                                                                                                                                                    ;
+-----------+-------+----------+--------------+--------------+-------------+-----------------+----------------+-----------------+------------+---------------+----------+--------------+--------------+------------------+------------------------+----------------------+-------+
; Name      ; Pin # ; I/O Bank ; X coordinate ; Y coordinate ; Cell number ; Output Register ; Slow Slew Rate ; PCI I/O Enabled ; Open Drain ; TRI Primitive ; Bus Hold ; Weak Pull Up ; I/O Standard ; Current Strength ; Fast Output Connection ; Location assigned by ; Load  ;
+-----------+-------+----------+--------------+--------------+-------------+-----------------+----------------+-----------------+------------+---------------+----------+--------------+--------------+------------------+------------------------+----------------------+-------+
; dat_o[0]  ; 104   ; 3        ; 17           ; 8            ; 1           ; no              ; no             ; no              ; no         ; no            ; no       ; Off          ; 3.3-V LVTTL  ; 16mA             ; no                     ; Fitter               ; 10 pF ;
; dat_o[10] ; 4     ; 1        ; 0            ; 9            ; 0           ; no              ; no             ; no              ; no         ; no            ; no       ; Off          ; 3.3-V LVTTL  ; 16mA             ; no                     ; Fitter               ; 10 pF ;
; dat_o[11] ; 106   ; 3        ; 17           ; 9            ; 3           ; no              ; no             ; no              ; no         ; no            ; no       ; Off          ; 3.3-V LVTTL  ; 16mA             ; no                     ; Fitter               ; 10 pF ;
; dat_o[12] ; 108   ; 3        ; 17           ; 10           ; 4           ; no              ; no             ; no              ; no         ; no            ; no       ; Off          ; 3.3-V LVTTL  ; 16mA             ; no                     ; Fitter               ; 10 pF ;
; dat_o[13] ; 62    ; 4        ; 10           ; 3            ; 2           ; no              ; no             ; no              ; no         ; no            ; no       ; Off          ; 3.3-V LVTTL  ; 16mA             ; no                     ; Fitter               ; 10 pF ;
; dat_o[14] ; 105   ; 3        ; 17           ; 8            ; 0           ; no              ; no             ; no              ; no         ; no            ; no       ; Off          ; 3.3-V LVTTL  ; 16mA             ; no                     ; Fitter               ; 10 pF ;
; dat_o[15] ; 60    ; 4        ; 9            ; 3            ; 0           ; no              ; no             ; no              ; no         ; no            ; no       ; Off          ; 3.3-V LVTTL  ; 16mA             ; no                     ; Fitter               ; 10 pF ;
; dat_o[1]  ; 101   ; 3        ; 17           ; 7            ; 4           ; no              ; no             ; no              ; no         ; no            ; no       ; Off          ; 3.3-V LVTTL  ; 16mA             ; no                     ; Fitter               ; 10 pF ;
; dat_o[2]  ; 125   ; 2        ; 9            ; 11           ; 2           ; no              ; no             ; no              ; no         ; no            ; no       ; Off          ; 3.3-V LVTTL  ; 16mA             ; no                     ; Fitter               ; 10 pF ;
; dat_o[3]  ; 55    ; 4        ; 8            ; 3            ; 1           ; no              ; no             ; no              ; no         ; no            ; no       ; Off          ; 3.3-V LVTTL  ; 16mA             ; no                     ; Fitter               ; 10 pF ;
; dat_o[4]  ; 5     ; 1        ; 0            ; 9            ; 2           ; no              ; no             ; no              ; no         ; no            ; no       ; Off          ; 3.3-V LVTTL  ; 16mA             ; no                     ; Fitter               ; 10 pF ;
; dat_o[5]  ; 123   ; 2        ; 9            ; 11           ; 0           ; no              ; no             ; no              ; no         ; no            ; no       ; Off          ; 3.3-V LVTTL  ; 16mA             ; no                     ; Fitter               ; 10 pF ;
; dat_o[6]  ; 2     ; 1        ; 0            ; 10           ; 3           ; no              ; no             ; no              ; no         ; no            ; no       ; Off          ; 3.3-V LVTTL  ; 16mA             ; no                     ; Fitter               ; 10 pF ;
; dat_o[7]  ; 127   ; 2        ; 9            ; 11           ; 3           ; no              ; no             ; no              ; no         ; no            ; no       ; Off          ; 3.3-V LVTTL  ; 16mA             ; yes                    ; Fitter               ; 10 pF ;
; dat_o[8]  ; 124   ; 2        ; 9            ; 11           ; 1           ; no              ; no             ; no              ; no         ; no            ; no       ; Off          ; 3.3-V LVTTL  ; 16mA             ; yes                    ; Fitter               ; 10 pF ;
; dat_o[9]  ; 133   ; 2        ; 7            ; 11           ; 1           ; no              ; no             ; no              ; no         ; no            ; no       ; Off          ; 3.3-V LVTTL  ; 16mA             ; no                     ; Fitter               ; 10 pF ;
; done_o    ; 121   ; 2        ; 10           ; 11           ; 1           ; no              ; no             ; no              ; no         ; no            ; no       ; Off          ; 3.3-V LVTTL  ; 16mA             ; yes                    ; Fitter               ; 10 pF ;
; row_o[0]  ; 122   ; 2        ; 10           ; 11           ; 2           ; no              ; no             ; no              ; yes        ; no            ; no       ; Off          ; 3.3-V LVTTL  ; 16mA             ; no                     ; Fitter               ; 10 pF ;
; row_o[1]  ; 107   ; 3        ; 17           ; 9            ; 1           ; no              ; no             ; no              ; yes        ; no            ; no       ; Off          ; 3.3-V LVTTL  ; 16mA             ; no                     ; Fitter               ; 10 pF ;
; row_o[2]  ; 59    ; 4        ; 9            ; 3            ; 1           ; no              ; no             ; no              ; yes        ; no            ; no       ; Off          ; 3.3-V LVTTL  ; 16mA             ; no                     ; Fitter               ; 10 pF ;
; row_o[3]  ; 58    ; 4        ; 9            ; 3            ; 2           ; no              ; no             ; no              ; yes        ; no            ; no       ; Off          ; 3.3-V LVTTL  ; 16mA             ; no                     ; Fitter               ; 10 pF ;
+-----------+-------+----------+--------------+--------------+-------------+-----------------+----------------+-----------------+------------+---------------+----------+--------------+--------------+------------------+------------------------+----------------------+-------+


+------------------------------------------------------------+
; I/O Bank Usage                                             ;
+----------+------------------+---------------+--------------+
; I/O Bank ; Usage            ; VCCIO Voltage ; VREF Voltage ;
+----------+------------------+---------------+--------------+
; 1        ; 5 / 26 ( 19 % )  ; 3.3V          ; --           ;
; 2        ; 11 / 30 ( 37 % ) ; 3.3V          ; --           ;
; 3        ; 6 / 30 ( 20 % )  ; 3.3V          ; --           ;
; 4        ; 7 / 30 ( 23 % )  ; 3.3V          ; --           ;
+----------+------------------+---------------+--------------+


+----------------------------------------------------------------------------------------------------------------------------------------------+
; All Package Pins                                                                                                                             ;
+----------+------------+----------+----------------+--------+--------------+---------+------------+-----------------+----------+--------------+
; Location ; Pad Number ; I/O Bank ; Pin Name/Usage ; Dir.   ; I/O Standard ; Voltage ; I/O Type   ; User Assignment ; Bus Hold ; Weak Pull Up ;
+----------+------------+----------+----------------+--------+--------------+---------+------------+-----------------+----------+--------------+
; 1        ; 2          ; 1        ; GND*           ;        ;              ;         ; Row I/O    ;                 ; no       ; Off          ;
; 2        ; 3          ; 1        ; dat_o[6]       ; output ; 3.3-V LVTTL  ;         ; Row I/O    ; N               ; no       ; Off          ;
; 3        ; 5          ; 1        ; GND*           ;        ;              ;         ; Row I/O    ;                 ; no       ; Off          ;
; 4        ; 7          ; 1        ; dat_o[10]      ; output ; 3.3-V LVTTL  ;         ; Row I/O    ; N               ; no       ; Off          ;
; 5        ; 9          ; 1        ; dat_o[4]       ; output ; 3.3-V LVTTL  ;         ; Row I/O    ; N               ; no       ; Off          ;
; 6        ; 10         ; 1        ; col_i[2]       ; input  ; 3.3-V LVTTL  ;         ; Row I/O    ; N               ; no       ; Off          ;
; 7        ; 14         ; 1        ; GND*           ;        ;              ;         ; Row I/O    ;                 ; no       ; Off          ;
; 8        ; 15         ; 1        ; GND*           ;        ;              ;         ; Row I/O    ;                 ; no       ; Off          ;
; 9        ;            ; 1        ; VCCIO1         ; power  ;              ; 3.3V    ; --         ;                 ; --       ; --           ;
; 10       ;            ;          ; GNDIO          ; gnd    ;              ;         ; --         ;                 ; --       ; --           ;
; 11       ; 20         ; 1        ; GND*           ;        ;              ;         ; Row I/O    ;                 ; no       ; Off          ;
; 12       ; 21         ; 1        ; GND*           ;        ;              ;         ; Row I/O    ;                 ; no       ; Off          ;
; 13       ; 22         ; 1        ; GND*           ;        ;              ;         ; Row I/O    ;                 ; no       ; Off          ;
; 14       ; 23         ; 1        ; GND*           ;        ;              ;         ; Row I/O    ;                 ; no       ; Off          ;
; 15       ; 24         ; 1        ; GND*           ;        ;              ;         ; Row I/O    ;                 ; no       ; Off          ;
; 16       ; 25         ; 1        ; GND*           ;        ;              ;         ; Row I/O    ;                 ; no       ; Off          ;
; 17       ;            ;          ; GNDINT         ; gnd    ;              ;         ; --         ;                 ; --       ; --           ;
; 18       ; 26         ; 1        ; clk_i          ; input  ; 3.3-V LVTTL  ;         ; Row I/O    ; N               ; no       ; Off          ;
; 19       ;            ;          ; VCCINT         ; power  ;              ; 3.3V    ; --         ;                 ; --       ; --           ;
; 20       ; 27         ; 1        ; GND*           ;        ;              ;         ; Row I/O    ;                 ; no       ; Off          ;
; 21       ; 28         ; 1        ; GND*           ;        ;              ;         ; Row I/O    ;                 ; no       ; Off          ;
; 22       ; 29         ; 1        ; GND*           ;        ;              ;         ; Row I/O    ;                 ; no       ; Off          ;
; 23       ; 30         ; 1        ; GND*           ;        ;              ;         ; Row I/O    ;                 ; no       ; Off          ;
; 24       ; 31         ; 1        ; GND*           ;        ;              ;         ; Row I/O    ;                 ; no       ; Off          ;
; 25       ;            ; 1        ; VCCIO1         ; power  ;              ; 3.3V    ; --         ;                 ; --       ; --           ;
; 26       ;            ;          ; GNDIO          ; gnd    ;              ;         ; --         ;                 ; --       ; --           ;
; 27       ; 33         ; 1        ; GND*           ;        ;              ;         ; Row I/O    ;                 ; no       ; Off          ;
; 28       ; 36         ; 1        ; GND*           ;        ;              ;         ; Row I/O    ;                 ; no       ; Off          ;
; 29       ; 37         ; 1        ; GND*           ;        ;              ;         ; Row I/O    ;                 ; no       ; Off          ;
; 30       ; 41         ; 1        ; GND*           ;        ;              ;         ; Row I/O    ;                 ; no       ; Off          ;
; 31       ; 44         ; 1        ; GND*           ;        ;              ;         ; Row I/O    ;                 ; no       ; Off          ;
; 32       ; 47         ; 1        ; GND*           ;        ;              ;         ; Row I/O    ;                 ; no       ; Off          ;
; 33       ; 50         ; 1        ; #TMS           ; input  ;              ;         ; --         ;                 ; --       ; --           ;
; 34       ; 51         ; 1        ; #TDI           ; input  ;              ;         ; --         ;                 ; --       ; --           ;
; 35       ; 52         ; 1        ; #TCK           ; input  ;              ;         ; --         ;                 ; --       ; --           ;
; 36       ; 53         ; 1        ; #TDO           ; output ;              ;         ; --         ;                 ; --       ; --           ;
; 37       ; 56         ; 4        ; GND*           ;        ;              ;         ; Column I/O ;                 ; no       ; Off          ;
; 38       ; 57         ; 4        ; GND*           ;        ;              ;         ; Column I/O ;                 ; no       ; Off          ;
; 39       ; 60         ; 4        ; GND*           ;        ;              ;         ; Column I/O ;                 ; no       ; Off          ;
; 40       ; 62         ; 4        ; GND*           ;        ;              ;         ; Column I/O ;                 ; no       ; Off          ;
; 41       ; 63         ; 4        ; GND*           ;        ;              ;         ; Column I/O ;                 ; no       ; Off          ;
; 42       ; 67         ; 4        ; GND*           ;        ;              ;         ; Column I/O ;                 ; no       ; Off          ;
; 43       ; 68         ; 4        ; GND*           ;        ;              ;         ; Column I/O ;                 ; no       ; Off          ;
; 44       ; 69         ; 4        ; GND*           ;        ;              ;         ; Column I/O ;                 ; no       ; Off          ;
; 45       ; 74         ; 4        ; GND*           ;        ;              ;         ; Column I/O ;                 ; no       ; Off          ;
; 46       ;            ; 4        ; VCCIO4         ; power  ;              ; 3.3V    ; --         ;                 ; --       ; --           ;
; 47       ;            ;          ; GNDIO          ; gnd    ;              ;         ; --         ;                 ; --       ; --           ;
; 48       ; 75         ; 4        ; GND*           ;        ;              ;         ; Column I/O ;                 ; no       ; Off          ;
; 49       ; 76         ; 4        ; GND*           ;        ;              ;         ; Column I/O ;                 ; no       ; Off          ;
; 50       ; 77         ; 4        ; GND*           ;        ;              ;         ; Column I/O ;                 ; no       ; Off          ;
; 51       ; 78         ; 4        ; GND*           ;        ;              ;         ; Column I/O ;                 ; no       ; Off          ;
; 52       ; 79         ; 4        ; GND*           ;        ;              ;         ; Column I/O ;                 ; no       ; Off          ;
; 53       ; 80         ; 4        ; GND*           ;        ;              ;         ; Column I/O ;                 ; no       ; Off          ;
; 54       ;            ;          ; GNDINT         ; gnd    ;              ;         ; --         ;                 ; --       ; --           ;
; 55       ; 81         ; 4        ; dat_o[3]       ; output ; 3.3-V LVTTL  ;         ; Column I/O ; N               ; no       ; Off          ;
; 56       ;            ;          ; VCCINT         ; power  ;              ; 3.3V    ; --         ;                 ; --       ; --           ;
; 57       ; 82         ; 4        ; GND*           ;        ;              ;         ; Column I/O ;                 ; no       ; Off          ;
; 58       ; 83         ; 4        ; row_o[3]       ; output ; 3.3-V LVTTL  ;         ; Column I/O ; N               ; no       ; Off          ;
; 59       ; 84         ; 4        ; row_o[2]       ; output ; 3.3-V LVTTL  ;         ; Column I/O ; N               ; no       ; Off          ;
; 60       ; 85         ; 4        ; dat_o[15]      ; output ; 3.3-V LVTTL  ;         ; Column I/O ; N               ; no       ; Off          ;
; 61       ; 86         ; 4        ; scan_i         ; input  ; 3.3-V LVTTL  ;         ; Column I/O ; N               ; no       ; Off          ;
; 62       ; 87         ; 4        ; dat_o[13]      ; output ; 3.3-V LVTTL  ;         ; Column I/O ; N               ; no       ; Off          ;
; 63       ; 88         ; 4        ; col_i[0]       ; input  ; 3.3-V LVTTL  ;         ; Column I/O ; N               ; no       ; Off          ;
; 64       ;            ; 4        ; VCCIO4         ; power  ;              ; 3.3V    ; --         ;                 ; --       ; --           ;
; 65       ;            ;          ; GNDIO          ; gnd    ;              ;         ; --         ;                 ; --       ; --           ;
; 66       ; 91         ; 4        ; GND*           ;        ;              ;         ; Column I/O ;                 ; no       ; Off          ;
; 67       ; 92         ; 4        ; GND*           ;        ;              ;         ; Column I/O ;                 ; no       ; Off          ;
; 68       ; 95         ; 4        ; GND*           ;        ;              ;         ; Column I/O ;                 ; no       ; Off          ;
; 69       ; 98         ; 4        ; GND*           ;        ;              ;         ; Column I/O ;                 ; no       ; Off          ;
; 70       ; 101        ; 4        ; GND*           ;        ;              ;         ; Column I/O ;                 ; no       ; Off          ;
; 71       ; 104        ; 4        ; GND*           ;        ;              ;         ; Column I/O ;                 ; no       ; Off          ;
; 72       ; 107        ; 4        ; GND*           ;        ;              ;         ; Column I/O ;                 ; no       ; Off          ;
; 73       ; 111        ; 3        ; GND*           ;        ;              ;         ; Row I/O    ;                 ; no       ; Off          ;
; 74       ; 112        ; 3        ; GND*           ;        ;              ;         ; Row I/O    ;                 ; no       ; Off          ;
; 75       ; 113        ; 3        ; GND*           ;        ;              ;         ; Row I/O    ;                 ; no       ; Off          ;
; 76       ; 115        ; 3        ; GND*           ;        ;              ;         ; Row I/O    ;                 ; no       ; Off          ;
; 77       ; 118        ; 3        ; GND*           ;        ;              ;         ; Row I/O    ;                 ; no       ; Off          ;
; 78       ; 122        ; 3        ; GND*           ;        ;              ;         ; Row I/O    ;                 ; no       ; Off          ;
; 79       ; 123        ; 3        ; GND*           ;        ;              ;         ; Row I/O    ;                 ; no       ; Off          ;
; 80       ; 124        ; 3        ; GND*           ;        ;              ;         ; Row I/O    ;                 ; no       ; Off          ;
; 81       ; 127        ; 3        ; GND*           ;        ;              ;         ; Row I/O    ;                 ; no       ; Off          ;
; 82       ;            ; 3        ; VCCIO3         ; power  ;              ; 3.3V    ; --         ;                 ; --       ; --           ;
; 83       ;            ;          ; GNDIO          ; gnd    ;              ;         ; --         ;                 ; --       ; --           ;
; 84       ; 129        ; 3        ; GND*           ;        ;              ;         ; Row I/O    ;                 ; no       ; Off          ;
; 85       ; 130        ; 3        ; GND*           ;        ;              ;         ; Row I/O    ;                 ; no       ; Off          ;
; 86       ; 131        ; 3        ; GND*           ;        ;              ;         ; Row I/O    ;                 ; no       ; Off          ;
; 87       ; 132        ; 3        ; GND*           ;        ;              ;         ; Row I/O    ;                 ; no       ; Off          ;
; 88       ; 133        ; 3        ; GND*           ;        ;              ;         ; Row I/O    ;                 ; no       ; Off          ;
; 89       ; 134        ; 3        ; GND*           ;        ;              ;         ; Row I/O    ;                 ; no       ; Off          ;
; 90       ;            ;          ; VCCINT         ; power  ;              ; 3.3V    ; --         ;                 ; --       ; --           ;
; 91       ; 135        ; 3        ; GND*           ;        ;              ;         ; Row I/O    ;                 ; no       ; Off          ;
; 92       ;            ;          ; GNDINT         ; gnd    ;              ;         ; --         ;                 ; --       ; --           ;
; 93       ; 136        ; 3        ; GND*           ;        ;              ;         ; Row I/O    ;                 ; no       ; Off          ;
; 94       ; 137        ; 3        ; GND*           ;        ;              ;         ; Row I/O    ;                 ; no       ; Off          ;
; 95       ; 138        ; 3        ; GND*           ;        ;              ;         ; Row I/O    ;                 ; no       ; Off          ;
; 96       ; 139        ; 3        ; GND*           ;        ;              ;         ; Row I/O    ;                 ; no       ; Off          ;
; 97       ; 140        ; 3        ; GND*           ;        ;              ;         ; Row I/O    ;                 ; no       ; Off          ;
; 98       ; 141        ; 3        ; GND*           ;        ;              ;         ; Row I/O    ;                 ; no       ; Off          ;
; 99       ;            ;          ; GNDIO          ; gnd    ;              ;         ; --         ;                 ; --       ; --           ;
; 100      ;            ; 3        ; VCCIO3         ; power  ;              ; 3.3V    ; --         ;                 ; --       ; --           ;
; 101      ; 142        ; 3        ; dat_o[1]       ; output ; 3.3-V LVTTL  ;         ; Row I/O    ; N               ; no       ; Off          ;
; 102      ; 146        ; 3        ; GND*           ;        ;              ;         ; Row I/O    ;                 ; no       ; Off          ;
; 103      ; 147        ; 3        ; GND*           ;        ;              ;         ; Row I/O    ;                 ; no       ; Off          ;
; 104      ; 151        ; 3        ; dat_o[0]       ; output ; 3.3-V LVTTL  ;         ; Row I/O    ; N               ; no       ; Off          ;
; 105      ; 152        ; 3        ; dat_o[14]      ; output ; 3.3-V LVTTL  ;         ; Row I/O    ; N               ; no       ; Off          ;
; 106      ; 154        ; 3        ; dat_o[11]      ; output ; 3.3-V LVTTL  ;         ; Row I/O    ; N               ; no       ; Off          ;
; 107      ; 156        ; 3        ; row_o[1]       ; output ; 3.3-V LVTTL  ;         ; Row I/O    ; N               ; no       ; Off          ;
; 108      ; 158        ; 3        ; dat_o[12]      ; output ; 3.3-V LVTTL  ;         ; Row I/O    ; N               ; no       ; Off          ;
; 109      ; 164        ; 2        ; GND*           ;        ;              ;         ; Column I/O ;                 ; no       ; Off          ;
; 110      ; 165        ; 2        ; GND*           ;        ;              ;         ; Column I/O ;                 ; no       ; Off          ;
; 111      ; 166        ; 2        ; GND*           ;        ;              ;         ; Column I/O ;                 ; no       ; Off          ;
; 112      ; 171        ; 2        ; GND*           ;        ;              ;         ; Column I/O ;                 ; no       ; Off          ;
; 113      ; 174        ; 2        ; GND*           ;        ;              ;         ; Column I/O ;                 ; no       ; Off          ;
; 114      ; 177        ; 2        ; GND*           ;        ;              ;         ; Column I/O ;                 ; no       ; Off          ;
; 115      ;            ;          ; GNDIO          ; gnd    ;              ;         ; --         ;                 ; --       ; --           ;
; 116      ;            ; 2        ; VCCIO2         ; power  ;              ; 3.3V    ; --         ;                 ; --       ; --           ;
; 117      ; 180        ; 2        ; GND*           ;        ;              ;         ; Column I/O ;                 ; no       ; Off          ;
; 118      ; 181        ; 2        ; rst_i          ; input  ; 3.3-V LVTTL  ;         ; Column I/O ; N               ; no       ; Off          ;
; 119      ; 182        ; 2        ; col_i[1]       ; input  ; 3.3-V LVTTL  ;         ; Column I/O ; N               ; no       ; Off          ;
; 120      ; 183        ; 2        ; clk_en_i       ; input  ; 3.3-V LVTTL  ;         ; Column I/O ; N               ; no       ; Off          ;
; 121      ; 184        ; 2        ; done_o         ; output ; 3.3-V LVTTL  ;         ; Column I/O ; N               ; no       ; Off          ;
; 122      ; 185        ; 2        ; row_o[0]       ; output ; 3.3-V LVTTL  ;         ; Column I/O ; N               ; no       ; Off          ;
; 123      ; 186        ; 2        ; dat_o[5]       ; output ; 3.3-V LVTTL  ;         ; Column I/O ; N               ; no       ; Off          ;
; 124      ; 187        ; 2        ; dat_o[8]       ; output ; 3.3-V LVTTL  ;         ; Column I/O ; N               ; no       ; Off          ;
; 125      ; 188        ; 2        ; dat_o[2]       ; output ; 3.3-V LVTTL  ;         ; Column I/O ; N               ; no       ; Off          ;
; 126      ;            ;          ; VCCINT         ; power  ;              ; 3.3V    ; --         ;                 ; --       ; --           ;
; 127      ; 189        ; 2        ; dat_o[7]       ; output ; 3.3-V LVTTL  ;         ; Column I/O ; N               ; no       ; Off          ;
; 128      ;            ;          ; GNDINT         ; gnd    ;              ;         ; --         ;                 ; --       ; --           ;
; 129      ; 190        ; 2        ; GND*           ;        ;              ;         ; Column I/O ;                 ; no       ; Off          ;
; 130      ; 191        ; 2        ; col_i[3]       ; input  ; 3.3-V LVTTL  ;         ; Column I/O ; N               ; no       ; Off          ;
; 131      ; 192        ; 2        ; GND*           ;        ;              ;         ; Column I/O ;                 ; no       ; Off          ;
; 132      ; 193        ; 2        ; GND*           ;        ;              ;         ; Column I/O ;                 ; no       ; Off          ;
; 133      ; 194        ; 2        ; dat_o[9]       ; output ; 3.3-V LVTTL  ;         ; Column I/O ; N               ; no       ; Off          ;
; 134      ; 195        ; 2        ; GND*           ;        ;              ;         ; Column I/O ;                 ; no       ; Off          ;
; 135      ;            ;          ; GNDIO          ; gnd    ;              ;         ; --         ;                 ; --       ; --           ;
; 136      ;            ; 2        ; VCCIO2         ; power  ;              ; 3.3V    ; --         ;                 ; --       ; --           ;
; 137      ; 199        ; 2        ; GND*           ;        ;              ;         ; Column I/O ;                 ; no       ; Off          ;
; 138      ; 200        ; 2        ; GND*           ;        ;              ;         ; Column I/O ;                 ; no       ; Off          ;
; 139      ; 201        ; 2        ; GND*           ;        ;              ;         ; Column I/O ;                 ; no       ; Off          ;
; 140      ; 204        ; 2        ; GND*           ;        ;              ;         ; Column I/O ;                 ; no       ; Off          ;
; 141      ; 205        ; 2        ; GND*           ;        ;              ;         ; Column I/O ;                 ; no       ; Off          ;
; 142      ; 208        ; 2        ; GND*           ;        ;              ;         ; Column I/O ;                 ; no       ; Off          ;
; 143      ; 212        ; 2        ; GND*           ;        ;              ;         ; Column I/O ;                 ; no       ; Off          ;
; 144      ; 215        ; 2        ; GND*           ;        ;              ;         ; Column I/O ;                 ; no       ; Off          ;
+----------+------------+----------+----------------+--------+--------------+---------+------------+-----------------+----------+--------------+
Note: Pin directions (input, output or bidir) are based on device operating in user mode.


+-------------------------------------------------------------+
; Output Pin Default Load For Reported TCO                    ;
+----------------------------+-------+------------------------+
; I/O Standard               ; Load  ; Termination Resistance ;
+----------------------------+-------+------------------------+
; 3.3-V LVTTL                ; 10 pF ; Not Available          ;
; 3.3-V LVCMOS               ; 10 pF ; Not Available          ;
; 2.5 V                      ; 10 pF ; Not Available          ;
; 1.8 V                      ; 10 pF ; Not Available          ;
; 1.5 V                      ; 10 pF ; Not Available          ;
; 3.3V Schmitt Trigger Input ; 10 pF ; Not Available          ;
; 2.5V Schmitt Trigger Input ; 10 pF ; Not Available          ;
; 3.3-V PCI                  ; 10 pF ; 25 Ohm (Parallel)      ;
+----------------------------+-------+------------------------+
Note: User assignments will override these defaults. The user specified values are listed in the Output Pins and Bidir Pins tables.


+----------------------------------------------------------------------------------------------------------------------------------------------------------------------------------------------------------------------+
; Fitter Resource Utilization by Entity                                                                                                                                                                                ;
+----------------------------+-------------+--------------+------------+------+--------------+--------------+-------------------+------------------+-----------------+------------+---------------------+--------------+
; Compilation Hierarchy Node ; Logic Cells ; LC Registers ; UFM Blocks ; Pins ; Virtual Pins ; LUT-Only LCs ; Register-Only LCs ; LUT/Register LCs ; Carry Chain LCs ; Packed LCs ; Full Hierarchy Name ; Library Name ;
+----------------------------+-------------+--------------+------------+------+--------------+--------------+-------------------+------------------+-----------------+------------+---------------------+--------------+
; |keypad_scanner            ; 62 (62)     ; 47           ; 0          ; 29   ; 0            ; 15 (15)      ; 12 (12)           ; 35 (35)          ; 16 (16)         ; 0 (0)      ; |keypad_scanner     ; work         ;
+----------------------------+-------------+--------------+------------+------+--------------+--------------+-------------------+------------------+-----------------+------------+---------------------+--------------+
Note: For table entries with two numbers listed, the numbers in parentheses indicate the number of resources of the given type used by the specific entity alone. The numbers listed outside of parentheses indicate the total resources of the given type used by the specific entity and all of its sub-entities in the hierarchy.


+--------------------------------------+
; Delay Chain Summary                  ;
+-----------+----------+---------------+
; Name      ; Pin Type ; Pad to Core 0 ;
+-----------+----------+---------------+
; clk_en_i  ; Input    ; 0             ;
; col_i[0]  ; Input    ; 0             ;
; rst_i     ; Input    ; 0             ;
; clk_i     ; Input    ; 0             ;
; col_i[1]  ; Input    ; 0             ;
; col_i[2]  ; Input    ; 0             ;
; col_i[3]  ; Input    ; 0             ;
; scan_i    ; Input    ; 0             ;
; row_o[0]  ; Output   ; --            ;
; row_o[1]  ; Output   ; --            ;
; row_o[2]  ; Output   ; --            ;
; row_o[3]  ; Output   ; --            ;
; dat_o[0]  ; Output   ; --            ;
; dat_o[1]  ; Output   ; --            ;
; dat_o[2]  ; Output   ; --            ;
; dat_o[3]  ; Output   ; --            ;
; dat_o[4]  ; Output   ; --            ;
; dat_o[5]  ; Output   ; --            ;
; dat_o[6]  ; Output   ; --            ;
; dat_o[7]  ; Output   ; --            ;
; dat_o[8]  ; Output   ; --            ;
; dat_o[9]  ; Output   ; --            ;
; dat_o[10] ; Output   ; --            ;
; dat_o[11] ; Output   ; --            ;
; dat_o[12] ; Output   ; --            ;
; dat_o[13] ; Output   ; --            ;
; dat_o[14] ; Output   ; --            ;
; dat_o[15] ; Output   ; --            ;
; done_o    ; Output   ; --            ;
+-----------+----------+---------------+


+----------------------------------------------------------------------------------------------------------+
; Control Signals                                                                                          ;
+--------------+---------------+---------+--------------+--------+----------------------+------------------+
; Name         ; Location      ; Fan-Out ; Usage        ; Global ; Global Resource Used ; Global Line Name ;
+--------------+---------------+---------+--------------+--------+----------------------+------------------+
; always0~0    ; LC_X11_Y9_N5  ; 16      ; Sync. clear  ; no     ; --                   ; --               ;
; always3~0    ; LC_X10_Y10_N5 ; 12      ; Clock enable ; no     ; --                   ; --               ;
; clk_i        ; PIN_18        ; 47      ; Clock        ; yes    ; Global Clock         ; GCLK0            ;
; dat_o[1]~760 ; LC_X10_Y10_N7 ; 16      ; Clock enable ; no     ; --                   ; --               ;
; rst_i        ; PIN_118       ; 21      ; Sync. load   ; no     ; --                   ; --               ;
+--------------+---------------+---------+--------------+--------+----------------------+------------------+


+----------------------------------------------------------------------+
; Global & Other Fast Signals                                          ;
+-------+----------+---------+----------------------+------------------+
; Name  ; Location ; Fan-Out ; Global Resource Used ; Global Line Name ;
+-------+----------+---------+----------------------+------------------+
; clk_i ; PIN_18   ; 47      ; Global Clock         ; GCLK0            ;
+-------+----------+---------+----------------------+------------------+


+---------------------------------+
; Non-Global High Fan-Out Signals ;
+--------------------+------------+
; Name               ; Fan-Out    ;
+--------------------+------------+
; rst_i              ; 21         ;
; always0~0          ; 16         ;
; dat_o[1]~760       ; 16         ;
; always3~0          ; 12         ;
; row[0]             ; 10         ;
; row[1]             ; 9          ;
; keyscan_row_clk    ; 6          ;
; tmr[7]~177         ; 5          ;
; tmr[2]~163         ; 5          ;
; tmr[12]~193        ; 3          ;
; idle_state         ; 3          ;
; col_i[3]           ; 2          ;
; col_i[2]           ; 2          ;
; col_i[1]           ; 2          ;
; col_i[0]           ; 2          ;
; clk_en_i           ; 2          ;
; shift_register[7]  ; 2          ;
; shift_register[6]  ; 2          ;
; shift_register[5]  ; 2          ;
; shift_register[4]  ; 2          ;
; shift_register[3]  ; 2          ;
; shift_register[2]  ; 2          ;
; shift_register[1]  ; 2          ;
; shift_register[0]  ; 2          ;
; tmr[12]            ; 2          ;
; tmr[15]            ; 2          ;
; tmr[14]            ; 2          ;
; tmr[13]            ; 2          ;
; tmr[10]            ; 2          ;
; tmr[8]             ; 2          ;
; tmr[11]            ; 2          ;
; tmr[9]             ; 2          ;
; tmr[7]             ; 2          ;
; tmr[5]             ; 2          ;
; tmr[6]             ; 2          ;
; tmr[4]             ; 2          ;
; tmr[1]             ; 2          ;
; tmr[0]             ; 2          ;
; tmr[3]             ; 2          ;
; tmr[2]             ; 2          ;
; scan_i             ; 1          ;
; done_o~0           ; 1          ;
; end_of_scan        ; 1          ;
; shift_register[11] ; 1          ;
; shift_register[10] ; 1          ;
; shift_register[9]  ; 1          ;
; shift_register[8]  ; 1          ;
; Equal4~101         ; 1          ;
; Equal4~100         ; 1          ;
; Equal2~66          ; 1          ;
+--------------------+------------+


+---------------------------------------------------+
; Interconnect Usage Summary                        ;
+----------------------------+----------------------+
; Interconnect Resource Type ; Usage                ;
+----------------------------+----------------------+
; C4s                        ; 46 / 2,870 ( 2 % )   ;
; Direct links               ; 13 / 3,938 ( < 1 % ) ;
; Global clocks              ; 1 / 4 ( 25 % )       ;
; LAB clocks                 ; 4 / 72 ( 6 % )       ;
; LUT chains                 ; 3 / 1,143 ( < 1 % )  ;
; Local interconnects        ; 73 / 3,938 ( 2 % )   ;
; R4s                        ; 48 / 2,832 ( 2 % )   ;
+----------------------------+----------------------+


+--------------------------------------------------------------------------+
; LAB Logic Elements                                                       ;
+--------------------------------------------+-----------------------------+
; Number of Logic Elements  (Average = 8.86) ; Number of LABs  (Total = 7) ;
+--------------------------------------------+-----------------------------+
; 1                                          ; 0                           ;
; 2                                          ; 0                           ;
; 3                                          ; 0                           ;
; 4                                          ; 0                           ;
; 5                                          ; 0                           ;
; 6                                          ; 0                           ;
; 7                                          ; 1                           ;
; 8                                          ; 2                           ;
; 9                                          ; 1                           ;
; 10                                         ; 3                           ;
+--------------------------------------------+-----------------------------+


+------------------------------------------------------------------+
; LAB-wide Signals                                                 ;
+------------------------------------+-----------------------------+
; LAB-wide Signals  (Average = 1.86) ; Number of LABs  (Total = 7) ;
+------------------------------------+-----------------------------+
; 1 Clock                            ; 7                           ;
; 1 Sync. clear                      ; 2                           ;
; 1 Sync. load                       ; 1                           ;
; 2 Clock enables                    ; 3                           ;
+------------------------------------+-----------------------------+


+---------------------------------------------------------------------------+
; LAB Signals Sourced                                                       ;
+---------------------------------------------+-----------------------------+
; Number of Signals Sourced  (Average = 8.86) ; Number of LABs  (Total = 7) ;
+---------------------------------------------+-----------------------------+
; 0                                           ; 0                           ;
; 1                                           ; 0                           ;
; 2                                           ; 0                           ;
; 3                                           ; 0                           ;
; 4                                           ; 0                           ;
; 5                                           ; 0                           ;
; 6                                           ; 0                           ;
; 7                                           ; 1                           ;
; 8                                           ; 2                           ;
; 9                                           ; 1                           ;
; 10                                          ; 3                           ;
+---------------------------------------------+-----------------------------+


+-------------------------------------------------------------------------------+
; LAB Signals Sourced Out                                                       ;
+-------------------------------------------------+-----------------------------+
; Number of Signals Sourced Out  (Average = 6.43) ; Number of LABs  (Total = 7) ;
+-------------------------------------------------+-----------------------------+
; 0                                               ; 0                           ;
; 1                                               ; 0                           ;
; 2                                               ; 0                           ;
; 3                                               ; 0                           ;
; 4                                               ; 0                           ;
; 5                                               ; 1                           ;
; 6                                               ; 3                           ;
; 7                                               ; 2                           ;
; 8                                               ; 1                           ;
+-------------------------------------------------+-----------------------------+


+---------------------------------------------------------------------------+
; LAB Distinct Inputs                                                       ;
+---------------------------------------------+-----------------------------+
; Number of Distinct Inputs  (Average = 7.57) ; Number of LABs  (Total = 7) ;
+---------------------------------------------+-----------------------------+
; 0                                           ; 0                           ;
; 1                                           ; 0                           ;
; 2                                           ; 0                           ;
; 3                                           ; 2                           ;
; 4                                           ; 1                           ;
; 5                                           ; 0                           ;
; 6                                           ; 0                           ;
; 7                                           ; 2                           ;
; 8                                           ; 1                           ;
; 9                                           ; 0                           ;
; 10                                          ; 0                           ;
; 11                                          ; 0                           ;
; 12                                          ; 0                           ;
; 13                                          ; 0                           ;
; 14                                          ; 0                           ;
; 15                                          ; 0                           ;
; 16                                          ; 0                           ;
; 17                                          ; 0                           ;
; 18                                          ; 0                           ;
; 19                                          ; 0                           ;
; 20                                          ; 0                           ;
; 21                                          ; 1                           ;
+---------------------------------------------+-----------------------------+


+-------------------------------------------------------------------------+
; Fitter Device Options                                                   ;
+----------------------------------------------+--------------------------+
; Option                                       ; Setting                  ;
+----------------------------------------------+--------------------------+
; Enable user-supplied start-up clock (CLKUSR) ; Off                      ;
; Enable device-wide reset (DEV_CLRn)          ; Off                      ;
; Enable device-wide output enable (DEV_OE)    ; Off                      ;
; Enable INIT_DONE output                      ; Off                      ;
; Configuration scheme                         ; Passive Serial           ;
; Reserve all unused pins                      ; As output driving ground ;
; Base pin-out file on sameframe device        ; Off                      ;
+----------------------------------------------+--------------------------+


+-----------------+
; Fitter Messages ;
+-----------------+
Info: *******************************************************************
Info: Running Quartus II Fitter
    Info: Version 7.2 Build 151 09/26/2007 SJ Full Version
    Info: Processing started: Mon Jun 09 13:23:18 2008
Info: Command: quartus_fit --read_settings_files=off --write_settings_files=off keypad_scanner -c keypad_scanner
Info: Selected device EPM1270T144C5 for design "keypad_scanner"
Warning: The high junction temperature operating condition is not set. Assuming a default value of '85'.
Warning: The low junction temperature operating condition is not set. Assuming a default value of '0'.
Info: Fitter is performing an Auto Fit compilation, which may decrease Fitter effort to reduce compilation time
Info: Device migration not selected. If you intend to use device migration later, you may need to change the pin assignments as they may be incompatible with other devices
    Info: Device EPM570T144C5 is compatible
    Info: Device EPM570T144I5 is compatible
    Info: Device EPM1270T144I5 is compatible
Warning: No exact pin location assignment(s) for 29 pins of 29 total pins
    Info: Pin row_o[0] not assigned to an exact location on the device
    Info: Pin row_o[1] not assigned to an exact location on the device
    Info: Pin row_o[2] not assigned to an exact location on the device
    Info: Pin row_o[3] not assigned to an exact location on the device
    Info: Pin dat_o[0] not assigned to an exact location on the device
    Info: Pin dat_o[1] not assigned to an exact location on the device
    Info: Pin dat_o[2] not assigned to an exact location on the device
    Info: Pin dat_o[3] not assigned to an exact location on the device
    Info: Pin dat_o[4] not assigned to an exact location on the device
    Info: Pin dat_o[5] not assigned to an exact location on the device
    Info: Pin dat_o[6] not assigned to an exact location on the device
    Info: Pin dat_o[7] not assigned to an exact location on the device
    Info: Pin dat_o[8] not assigned to an exact location on the device
    Info: Pin dat_o[9] not assigned to an exact location on the device
    Info: Pin dat_o[10] not assigned to an exact location on the device
    Info: Pin dat_o[11] not assigned to an exact location on the device
    Info: Pin dat_o[12] not assigned to an exact location on the device
    Info: Pin dat_o[13] not assigned to an exact location on the device
    Info: Pin dat_o[14] not assigned to an exact location on the device
    Info: Pin dat_o[15] not assigned to an exact location on the device
    Info: Pin done_o not assigned to an exact location on the device
    Info: Pin clk_en_i not assigned to an exact location on the device
    Info: Pin col_i[0] not assigned to an exact location on the device
    Info: Pin rst_i not assigned to an exact location on the device
    Info: Pin clk_i not assigned to an exact location on the device
    Info: Pin col_i[1] not assigned to an exact location on the device
    Info: Pin col_i[2] not assigned to an exact location on the device
    Info: Pin col_i[3] not assigned to an exact location on the device
    Info: Pin scan_i not assigned to an exact location on the device
Info: Fitter is using the Classic Timing Analyzer
Info: Timing requirements not specified -- optimizing circuit to achieve the following default global requirements
    Info: Assuming a global fmax requirement of 1000 MHz
    Info: Assuming a global tsu requirement of 2.0 ns
    Info: Assuming a global tco requirement of 1.0 ns
    Info: Assuming a global tpd requirement of 1.0 ns
Info: Completed User Assigned Global Signals Promotion Operation
Info: Automatically promoted signal "clk_i" to use Global clock in PIN 18
Info: Completed Auto Global Promotion Operation
Info: Starting register packing
Info: Fitter is using Normal packing mode for logic elements with Auto setting for Auto Packed Registers logic option
Info: Started processing fast register assignments
Info: Finished processing fast register assignments
Info: Finished register packing: elapsed time is 00:00:00
Info: Statistics of I/O pins that need to be placed that use the same VCCIO and VREF, before I/O pin placement
    Info: Number of I/O pins in group: 28 (unused VREF, 3.30 VCCIO, 7 input, 21 output, 0 bidirectional)
        Info: I/O standards used: 3.3-V LVTTL.
Info: I/O bank details before I/O pin placement
    Info: Statistics of I/O banks
        Info: I/O bank number 1 does not use VREF pins and has undetermined VCCIO pins. 1 total pin(s) used --  25 pins available
        Info: I/O bank number 2 does not use VREF pins and has undetermined VCCIO pins. 0 total pin(s) used --  30 pins available
        Info: I/O bank number 3 does not use VREF pins and has undetermined VCCIO pins. 0 total pin(s) used --  30 pins available
        Info: I/O bank number 4 does not use VREF pins and has undetermined VCCIO pins. 0 total pin(s) used --  30 pins available
Info: Fitter placement preparation operations beginning
Info: Fitter placement preparation operations ending: elapsed time is 00:00:00
Info: Fitter placement operations beginning
Info: Fitter placement was successful
Info: Fitter placement operations ending: elapsed time is 00:00:00
Info: Estimated most critical path is register to pin delay of 8.220 ns
    Info: 1: + IC(0.000 ns) + CELL(0.000 ns) = 0.000 ns; Loc. = LAB_X11_Y10; Fanout = 3; REG Node = 'tmr[7]'
    Info: 2: + IC(1.584 ns) + CELL(0.200 ns) = 1.784 ns; Loc. = LAB_X10_Y10; Fanout = 1; COMB Node = 'keyscan_row_clk~124'
    Info: 3: + IC(0.983 ns) + CELL(0.200 ns) = 2.967 ns; Loc. = LAB_X10_Y10; Fanout = 1; COMB Node = 'keyscan_row_clk~125'
    Info: 4: + IC(0.269 ns) + CELL(0.914 ns) = 4.150 ns; Loc. = LAB_X10_Y10; Fanout = 6; COMB Node = 'keyscan_row_clk'
    Info: 5: + IC(0.983 ns) + CELL(0.200 ns) = 5.333 ns; Loc. = LAB_X10_Y10; Fanout = 1; COMB Node = 'done_o~0'
    Info: 6: + IC(0.565 ns) + CELL(2.322 ns) = 8.220 ns; Loc. = PIN_121; Fanout = 0; PIN Node = 'done_o'
    Info: Total cell delay = 3.836 ns ( 46.67 % )
    Info: Total interconnect delay = 4.384 ns ( 53.33 % )
Info: Fitter routing operations beginning
Info: Average interconnect usage is 1% of the available device resources
    Info: Peak interconnect usage is 2% of the available device resources in the region that extends from location X9_Y0 to location X17_Y11
Info: Fitter routing operations ending: elapsed time is 00:00:00
Info: The Fitter performed an Auto Fit compilation.  Optimizations were skipped to reduce compilation time.
    Info: Optimizations that may affect the design's routability were skipped
    Info: Optimizations that may affect the design's timing were skipped
Warning: The Reserve All Unused Pins setting has not been specified, and will default to 'As output driving ground'.
Info: Generated suppressed messages file F:/CPLD数据采集板/CY68013开发相关资料/CPLD例程/keypad_scanner/keypad_scanner.fit.smsg
Info: Quartus II Fitter was successful. 0 errors, 4 warnings
    Info: Allocated 169 megabytes of memory during processing
    Info: Processing ended: Mon Jun 09 13:23:26 2008
    Info: Elapsed time: 00:00:08


+----------------------------+
; Fitter Suppressed Messages ;
+----------------------------+
The suppressed messages can be found in F:/CPLD数据采集板/CY68013开发相关资料/CPLD例程/keypad_scanner/keypad_scanner.fit.smsg.


