Flow report for uart_top
Mon Dec 01 14:17:31 2008
Quartus II Version 8.0 Build 215 05/29/2008 SJ Full Version


---------------------
; Table of Contents ;
---------------------
  1. Legal Notice
  2. Flow Summary
  3. Flow Settings
  4. Flow Non-Default Global Settings
  5. Flow Elapsed Time
  6. Flow Log



----------------
; Legal Notice ;
----------------
Copyright (C) 1991-2008 Altera Corporation
Your use of Altera Corporation's design tools, logic functions 
and other software and tools, and its AMPP partner logic 
functions, and any output files from any of the foregoing 
(including device programming or simulation files), and any 
associated documentation or information are expressly subject 
to the terms and conditions of the Altera Program License 
Subscription Agreement, Altera MegaCore Function License 
Agreement, or other applicable license agreement, including, 
without limitation, that your use is for the sole purpose of 
programming logic devices manufactured by Altera and sold by 
Altera or its authorized distributors.  Please refer to the 
applicable agreement for further details.



+-------------------------------------------------------------------------------+
; Flow Summary                                                                  ;
+------------------------------------+------------------------------------------+
; Flow Status                        ; Successful - Mon Dec 01 14:17:31 2008    ;
; Quartus II Version                 ; 8.0 Build 215 05/29/2008 SJ Full Version ;
; Revision Name                      ; uart_top                                 ;
; Top-level Entity Name              ; uart_top                                 ;
; Family                             ; Cyclone II                               ;
; Device                             ; EP2C8Q208C8                              ;
; Timing Models                      ; Final                                    ;
; Met timing requirements            ; Yes                                      ;
; Total logic elements               ; 777 / 8,256 ( 9 % )                      ;
;     Total combinational functions  ; 486 / 8,256 ( 6 % )                      ;
;     Dedicated logic registers      ; 641 / 8,256 ( 8 % )                      ;
; Total registers                    ; 641                                      ;
; Total pins                         ; 24 / 138 ( 17 % )                        ;
; Total virtual pins                 ; 0                                        ;
; Total memory bits                  ; 38,912 / 165,888 ( 23 % )                ;
; Embedded Multiplier 9-bit elements ; 0 / 36 ( 0 % )                           ;
; Total PLLs                         ; 0 / 2 ( 0 % )                            ;
+------------------------------------+------------------------------------------+


+-----------------------------------------+
; Flow Settings                           ;
+-------------------+---------------------+
; Option            ; Setting             ;
+-------------------+---------------------+
; Start date & time ; 12/01/2008 14:04:30 ;
; Main task         ; Compilation         ;
; Revision Name     ; uart_top            ;
+-------------------+---------------------+


+-------------------------------------------------------------------------------------------------------------+
; Flow Non-Default Global Settings                                                                            ;
+------------------------------------+-----------------------------+---------------+-------------+------------+
; Assignment Name                    ; Value                       ; Default Value ; Entity Name ; Section Id ;
+------------------------------------+-----------------------------+---------------+-------------+------------+
; COMPILER_SIGNATURE_ID              ; 46780590058.122811146903792 ; --            ; --          ; --         ;
; PARTITION_COLOR                    ; 14622752                    ; --            ; --          ; Top        ;
; PARTITION_NETLIST_TYPE             ; SOURCE                      ; --            ; --          ; Top        ;
; USE_GENERATED_PHYSICAL_CONSTRAINTS ; Off                         ; --            ; --          ; eda_palace ;
+------------------------------------+-----------------------------+---------------+-------------+------------+


+-----------------------------------------------------------------------------------------------------------------------------+
; Flow Elapsed Time                                                                                                           ;
+-------------------------+--------------+-------------------------+---------------------+------------------------------------+
; Module Name             ; Elapsed Time ; Average Processors Used ; Peak Virtual Memory ; Total CPU Time (on all processors) ;
+-------------------------+--------------+-------------------------+---------------------+------------------------------------+
; Analysis & Synthesis    ; 00:00:08     ; 1.0                     ; 158 MB              ; 00:00:03                           ;
; Fitter                  ; 00:00:11     ; 1.0                     ; 173 MB              ; 00:00:05                           ;
; Assembler               ; 00:00:06     ; 1.0                     ; 153 MB              ; 00:00:03                           ;
; Classic Timing Analyzer ; 00:00:01     ; 1.0                     ; 113 MB              ; 00:00:01                           ;
; Analysis & Synthesis    ; 00:00:42     ; 1.0                     ; 193 MB              ; 00:00:18                           ;
; Partition Merge         ; 00:00:12     ; 1.0                     ; 167 MB              ; 00:00:03                           ;
; Fitter                  ; 00:00:23     ; 1.0                     ; 177 MB              ; 00:00:11                           ;
; Assembler               ; 00:00:11     ; 1.0                     ; 155 MB              ; 00:00:03                           ;
; Classic Timing Analyzer ; 00:00:03     ; 1.0                     ; 118 MB              ; 00:00:02                           ;
; Analysis & Synthesis    ; 00:00:31     ; 1.0                     ; 190 MB              ; 00:00:15                           ;
; Partition Merge         ; 00:00:05     ; 1.0                     ; 167 MB              ; 00:00:03                           ;
; Fitter                  ; 00:00:15     ; 1.0                     ; 177 MB              ; 00:00:11                           ;
; Assembler               ; 00:00:04     ; 1.0                     ; 155 MB              ; 00:00:03                           ;
; Classic Timing Analyzer ; 00:00:02     ; 1.0                     ; 119 MB              ; 00:00:02                           ;
; Total                   ; 00:02:54     ; --                      ; --                  ; 00:01:23                           ;
+-------------------------+--------------+-------------------------+---------------------+------------------------------------+


------------
; Flow Log ;
------------
quartus_map --read_settings_files=on --write_settings_files=off uart_top -c uart_top
quartus_fit --read_settings_files=off --write_settings_files=off uart_top -c uart_top
quartus_asm --read_settings_files=off --write_settings_files=off uart_top -c uart_top
quartus_tan --read_settings_files=off --write_settings_files=off uart_top -c uart_top --timing_analysis_only
quartus_map --read_settings_files=on --write_settings_files=off uart_top -c uart_top
quartus_cdb --read_settings_files=off --write_settings_files=off uart_top -c uart_top --merge=on
quartus_fit --read_settings_files=off --write_settings_files=off uart_top -c uart_top
quartus_asm --read_settings_files=off --write_settings_files=off uart_top -c uart_top
quartus_tan --read_settings_files=off --write_settings_files=off uart_top -c uart_top --timing_analysis_only
quartus_map --read_settings_files=on --write_settings_files=off uart_top -c uart_top
quartus_cdb --read_settings_files=off --write_settings_files=off uart_top -c uart_top --merge=on
quartus_fit --read_settings_files=off --write_settings_files=off uart_top -c uart_top
quartus_asm --read_settings_files=off --write_settings_files=off uart_top -c uart_top
quartus_tan --read_settings_files=off --write_settings_files=off uart_top -c uart_top --timing_analysis_only



