Analysis & Elaboration report for CylnII_DoubleClick_Btn_LED
Fri Feb 06 17:24:57 2015
Quartus II 64-Bit Version 13.0.1 Build 232 06/12/2013 Service Pack 1 SJ Web Edition


---------------------
; Table of Contents ;
---------------------
  1. Legal Notice
  2. Analysis & Elaboration Summary
  3. Parallel Compilation
  4. Parameter Settings for User Entity Instance: Top-level Entity: |CylnII_DoubleClick_Btn_LED
  5. Analysis & Elaboration Settings
  6. Port Connectivity Checks: "dbl_tap_monitor:comb_87"
  7. Analysis & Elaboration Messages
  8. Analysis & Elaboration Suppressed Messages



----------------
; Legal Notice ;
----------------
Copyright (C) 1991-2013 Altera Corporation
Your use of Altera Corporation's design tools, logic functions 
and other software and tools, and its AMPP partner logic 
functions, and any output files from any of the foregoing 
(including device programming or simulation files), and any 
associated documentation or information are expressly subject 
to the terms and conditions of the Altera Program License 
Subscription Agreement, Altera MegaCore Function License 
Agreement, or other applicable license agreement, including, 
without limitation, that your use is for the sole purpose of 
programming logic devices manufactured by Altera and sold by 
Altera or its authorized distributors.  Please refer to the 
applicable agreement for further details.



+--------------------------------------------------------------------------------------+
; Analysis & Elaboration Summary                                                       ;
+------------------------------------+-------------------------------------------------+
; Analysis & Elaboration Status      ; Successful - Fri Feb 06 17:24:56 2015           ;
; Quartus II 64-Bit Version          ; 13.0.1 Build 232 06/12/2013 SP 1 SJ Web Edition ;
; Revision Name                      ; CylnII_DoubleClick_Btn_LED                      ;
; Top-level Entity Name              ; CylnII_DoubleClick_Btn_LED                      ;
; Family                             ; Cyclone II                                      ;
; Total logic elements               ; N/A until Partition Merge                       ;
;     Total combinational functions  ; N/A until Partition Merge                       ;
;     Dedicated logic registers      ; N/A until Partition Merge                       ;
; Total registers                    ; N/A until Partition Merge                       ;
; Total pins                         ; N/A until Partition Merge                       ;
; Total virtual pins                 ; N/A until Partition Merge                       ;
; Total memory bits                  ; N/A until Partition Merge                       ;
; Embedded Multiplier 9-bit elements ; N/A until Partition Merge                       ;
; Total PLLs                         ; N/A until Partition Merge                       ;
+------------------------------------+-------------------------------------------------+


+------------------------------------------+
; Parallel Compilation                     ;
+----------------------------+-------------+
; Processors                 ; Number      ;
+----------------------------+-------------+
; Number detected on machine ; 4           ;
; Maximum allowed            ; 2           ;
;                            ;             ;
; Average used               ; 1.00        ;
; Maximum used               ; 1           ;
;                            ;             ;
; Usage by Processor         ; % Time Used ;
;     Processor 1            ; 100.0%      ;
;     Processors 2-4         ;   0.0%      ;
+----------------------------+-------------+


+--------------------------------------------------------------------------------------------+
; Parameter Settings for User Entity Instance: Top-level Entity: |CylnII_DoubleClick_Btn_LED ;
+----------------+-------------------+-------------------------------------------------------+
; Parameter Name ; Value             ; Type                                                  ;
+----------------+-------------------+-------------------------------------------------------+
; DELAY          ; 00000000110010000 ; Unsigned Binary                                       ;
+----------------+-------------------+-------------------------------------------------------+
Note: In order to hide this table in the UI and the text report file, please set the "Show Parameter Settings in Synthesis Report" option in "Analysis and Synthesis Settings -> More Settings" to "Off".


+--------------------------------------------------------------------------------------------------------------------------------------+
; Analysis & Elaboration Settings                                                                                                      ;
+----------------------------------------------------------------------------+----------------------------+----------------------------+
; Option                                                                     ; Setting                    ; Default Value              ;
+----------------------------------------------------------------------------+----------------------------+----------------------------+
; Device                                                                     ; EP2C5T144C8                ;                            ;
; Top-level entity name                                                      ; CylnII_DoubleClick_Btn_LED ; CylnII_DoubleClick_Btn_LED ;
; Family name                                                                ; Cyclone II                 ; Cyclone IV GX              ;
; Use smart compilation                                                      ; Off                        ; Off                        ;
; Enable parallel Assembler and TimeQuest Timing Analyzer during compilation ; On                         ; On                         ;
; Enable compact report table                                                ; Off                        ; Off                        ;
; Restructure Multiplexers                                                   ; Auto                       ; Auto                       ;
; Create Debugging Nodes for IP Cores                                        ; Off                        ; Off                        ;
; Preserve fewer node names                                                  ; On                         ; On                         ;
; Disable OpenCore Plus hardware evaluation                                  ; Off                        ; Off                        ;
; Verilog Version                                                            ; Verilog_2001               ; Verilog_2001               ;
; VHDL Version                                                               ; VHDL_1993                  ; VHDL_1993                  ;
; State Machine Processing                                                   ; Auto                       ; Auto                       ;
; Safe State Machine                                                         ; Off                        ; Off                        ;
; Extract Verilog State Machines                                             ; On                         ; On                         ;
; Extract VHDL State Machines                                                ; On                         ; On                         ;
; Ignore Verilog initial constructs                                          ; Off                        ; Off                        ;
; Iteration limit for constant Verilog loops                                 ; 5000                       ; 5000                       ;
; Iteration limit for non-constant Verilog loops                             ; 250                        ; 250                        ;
; Add Pass-Through Logic to Inferred RAMs                                    ; On                         ; On                         ;
; Infer RAMs from Raw Logic                                                  ; On                         ; On                         ;
; Parallel Synthesis                                                         ; On                         ; On                         ;
; DSP Block Balancing                                                        ; Auto                       ; Auto                       ;
; NOT Gate Push-Back                                                         ; On                         ; On                         ;
; Power-Up Don't Care                                                        ; On                         ; On                         ;
; Remove Redundant Logic Cells                                               ; Off                        ; Off                        ;
; Remove Duplicate Registers                                                 ; On                         ; On                         ;
; Ignore CARRY Buffers                                                       ; Off                        ; Off                        ;
; Ignore CASCADE Buffers                                                     ; Off                        ; Off                        ;
; Ignore GLOBAL Buffers                                                      ; Off                        ; Off                        ;
; Ignore ROW GLOBAL Buffers                                                  ; Off                        ; Off                        ;
; Ignore LCELL Buffers                                                       ; Off                        ; Off                        ;
; Ignore SOFT Buffers                                                        ; On                         ; On                         ;
; Limit AHDL Integers to 32 Bits                                             ; Off                        ; Off                        ;
; Optimization Technique                                                     ; Balanced                   ; Balanced                   ;
; Carry Chain Length                                                         ; 70                         ; 70                         ;
; Auto Carry Chains                                                          ; On                         ; On                         ;
; Auto Open-Drain Pins                                                       ; On                         ; On                         ;
; Perform WYSIWYG Primitive Resynthesis                                      ; Off                        ; Off                        ;
; Auto ROM Replacement                                                       ; On                         ; On                         ;
; Auto RAM Replacement                                                       ; On                         ; On                         ;
; Auto Shift Register Replacement                                            ; Auto                       ; Auto                       ;
; Allow Shift Register Merging across Hierarchies                            ; Auto                       ; Auto                       ;
; Auto Clock Enable Replacement                                              ; On                         ; On                         ;
; Strict RAM Replacement                                                     ; Off                        ; Off                        ;
; Allow Synchronous Control Signals                                          ; On                         ; On                         ;
; Force Use of Synchronous Clear Signals                                     ; Off                        ; Off                        ;
; Auto RAM to Logic Cell Conversion                                          ; Off                        ; Off                        ;
; Auto Resource Sharing                                                      ; Off                        ; Off                        ;
; Allow Any RAM Size For Recognition                                         ; Off                        ; Off                        ;
; Allow Any ROM Size For Recognition                                         ; Off                        ; Off                        ;
; Allow Any Shift Register Size For Recognition                              ; Off                        ; Off                        ;
; Use LogicLock Constraints during Resource Balancing                        ; On                         ; On                         ;
; Ignore translate_off and synthesis_off directives                          ; Off                        ; Off                        ;
; Timing-Driven Synthesis                                                    ; Off                        ; Off                        ;
; Report Parameter Settings                                                  ; On                         ; On                         ;
; Report Source Assignments                                                  ; On                         ; On                         ;
; Report Connectivity Checks                                                 ; On                         ; On                         ;
; Ignore Maximum Fan-Out Assignments                                         ; Off                        ; Off                        ;
; Synchronization Register Chain Length                                      ; 2                          ; 2                          ;
; PowerPlay Power Optimization                                               ; Normal compilation         ; Normal compilation         ;
; HDL message level                                                          ; Level2                     ; Level2                     ;
; Suppress Register Optimization Related Messages                            ; Off                        ; Off                        ;
; Number of Removed Registers Reported in Synthesis Report                   ; 5000                       ; 5000                       ;
; Number of Swept Nodes Reported in Synthesis Report                         ; 5000                       ; 5000                       ;
; Number of Inverted Registers Reported in Synthesis Report                  ; 100                        ; 100                        ;
; Clock MUX Protection                                                       ; On                         ; On                         ;
; Auto Gated Clock Conversion                                                ; Off                        ; Off                        ;
; Block Design Naming                                                        ; Auto                       ; Auto                       ;
; SDC constraint protection                                                  ; Off                        ; Off                        ;
; Synthesis Effort                                                           ; Auto                       ; Auto                       ;
; Shift Register Replacement - Allow Asynchronous Clear Signal               ; On                         ; On                         ;
; Pre-Mapping Resynthesis Optimization                                       ; Off                        ; Off                        ;
; Analysis & Synthesis Message Level                                         ; Medium                     ; Medium                     ;
; Disable Register Merging Across Hierarchies                                ; Auto                       ; Auto                       ;
; Resource Aware Inference For Block RAM                                     ; On                         ; On                         ;
; Synthesis Seed                                                             ; 1                          ; 1                          ;
+----------------------------------------------------------------------------+----------------------------+----------------------------+


+-------------------------------------------------------------------------------------------------------------------------------------------------------------------------------------------------------------------------+
; Port Connectivity Checks: "dbl_tap_monitor:comb_87"                                                                                                                                                                     ;
+-----------------+-------+----------+------------------------------------------------------------------------------------------------------------------------------------------------------------------------------------+
; Port            ; Type  ; Severity ; Details                                                                                                                                                                            ;
+-----------------+-------+----------+------------------------------------------------------------------------------------------------------------------------------------------------------------------------------------+
; delay_ms        ; Input ; Warning  ; Input port expression (17 bits) is wider than the input port (16 bits) it drives.  The 1 most-significant bit(s) in the expression will be dangling if they have no other fanouts. ;
; delay_ms[8..7]  ; Input ; Info     ; Stuck at VCC                                                                                                                                                                       ;
; delay_ms[15..9] ; Input ; Info     ; Stuck at GND                                                                                                                                                                       ;
; delay_ms[6..5]  ; Input ; Info     ; Stuck at GND                                                                                                                                                                       ;
; delay_ms[3..0]  ; Input ; Info     ; Stuck at GND                                                                                                                                                                       ;
; delay_ms[4]     ; Input ; Info     ; Stuck at VCC                                                                                                                                                                       ;
+-----------------+-------+----------+------------------------------------------------------------------------------------------------------------------------------------------------------------------------------------+


+---------------------------------+
; Analysis & Elaboration Messages ;
+---------------------------------+
Info: *******************************************************************
Info: Running Quartus II 64-Bit Analysis & Elaboration
    Info: Version 13.0.1 Build 232 06/12/2013 Service Pack 1 SJ Web Edition
    Info: Processing started: Fri Feb 06 17:24:55 2015
Info: Command: quartus_map --read_settings_files=on --write_settings_files=off CylnII_DoubleClick_Btn_LED -c CylnII_DoubleClick_Btn_LED --analysis_and_elaboration
Info (11104): Parallel Compilation has detected 4 hyper-threaded processors. However, the extra hyper-threaded processors will not be used by default. Parallel Compilation will use 2 of the 2 physical processors detected instead.
Info (12021): Found 1 design units, including 1 entities, in source file cylnii_doubleclick_btn_led.v
    Info (12023): Found entity 1: CylnII_DoubleClick_Btn_LED
Info (12021): Found 1 design units, including 1 entities, in source file dbl_tap_monitor.v
    Info (12023): Found entity 1: dbl_tap_monitor
Warning (10236): Verilog HDL Implicit Net warning at CylnII_DoubleClick_Btn_LED.v(44): created implicit net for "clk_1k"
Critical Warning (10846): Verilog HDL Instantiation warning at CylnII_DoubleClick_Btn_LED.v(49): instance has no name
Info (12127): Elaborating entity "CylnII_DoubleClick_Btn_LED" for the top level hierarchy
Warning (10036): Verilog HDL or VHDL warning at CylnII_DoubleClick_Btn_LED.v(16): object "clk_10k" assigned a value but never read
Warning (10230): Verilog HDL assignment warning at CylnII_DoubleClick_Btn_LED.v(38): truncated value with size 32 to match size of target (16)
Warning (10034): Output port "led[2..1]" at CylnII_DoubleClick_Btn_LED.v(8) has no driver
Info (12128): Elaborating entity "dbl_tap_monitor" for hierarchy "dbl_tap_monitor:comb_87"
Warning (10230): Verilog HDL assignment warning at dbl_tap_monitor.v(40): truncated value with size 32 to match size of target (16)
Warning (12241): 1 hierarchies have connectivity warnings - see the Connectivity Checks report folder
Info (144001): Generated suppressed messages file E:/Elamaran/MyProjects/Public/Altera/CylnII_DoubleClick_Btn_LED/output_files/CylnII_DoubleClick_Btn_LED.map.smsg
Info: Quartus II 64-Bit Analysis & Elaboration was successful. 0 errors, 7 warnings
    Info: Peak virtual memory: 432 megabytes
    Info: Processing ended: Fri Feb 06 17:24:57 2015
    Info: Elapsed time: 00:00:02
    Info: Total CPU time (on all processors): 00:00:01


+--------------------------------------------+
; Analysis & Elaboration Suppressed Messages ;
+--------------------------------------------+
The suppressed messages can be found in E:/Elamaran/MyProjects/Public/Altera/CylnII_DoubleClick_Btn_LED/output_files/CylnII_DoubleClick_Btn_LED.map.smsg.


