EDA Netlist Writer report for CylnII_DoubleClick_Btn_LED
Fri Feb 06 17:11:48 2015
Quartus II 64-Bit Version 13.0.1 Build 232 06/12/2013 Service Pack 1 SJ Web Edition


---------------------
; Table of Contents ;
---------------------
  1. Legal Notice
  2. EDA Netlist Writer Summary
  3. EDA Netlist Writer Messages



----------------
; Legal Notice ;
----------------
Copyright (C) 1991-2013 Altera Corporation
Your use of Altera Corporation's design tools, logic functions 
and other software and tools, and its AMPP partner logic 
functions, and any output files from any of the foregoing 
(including device programming or simulation files), and any 
associated documentation or information are expressly subject 
to the terms and conditions of the Altera Program License 
Subscription Agreement, Altera MegaCore Function License 
Agreement, or other applicable license agreement, including, 
without limitation, that your use is for the sole purpose of 
programming logic devices manufactured by Altera and sold by 
Altera or its authorized distributors.  Please refer to the 
applicable agreement for further details.



+---------------------------------------------------------------+
; EDA Netlist Writer Summary                                    ;
+---------------------------+-----------------------------------+
; EDA Netlist Writer Status ; Failed - Fri Feb 06 17:11:48 2015 ;
; Revision Name             ; CylnII_DoubleClick_Btn_LED        ;
; Top-level Entity Name     ; CylnII_DoubleClick_Btn_LED        ;
; Family                    ; Cyclone II                        ;
+---------------------------+-----------------------------------+


+-----------------------------+
; EDA Netlist Writer Messages ;
+-----------------------------+
Info: *******************************************************************
Info: Running Quartus II 64-Bit EDA Netlist Writer
    Info: Version 13.0.1 Build 232 06/12/2013 Service Pack 1 SJ Web Edition
    Info: Processing started: Fri Feb 06 17:11:47 2015
Info: Command: quartus_eda --gen_testbench --check_outputs=on --tool=modelsim_oem --format=verilog CylnII_DoubleClick_Btn_LED -c CylnII_DoubleClick_Btn_LED --vector_source=E:/Elamaran/MyProjects/Public/Altera/CylnII_DoubleClick_Btn_LED/simulation/Waveform.vwf --testbench_file=E:/Elamaran/MyProjects/Public/Altera/CylnII_DoubleClick_Btn_LED/simulation/modelsim/simulation/Waveform.vwf.vt
Info (119006): Selected device EP2C5T144C8 for design "CylnII_DoubleClick_Btn_LED"
Error (199013): HDL output file name "E:/Elamaran/MyProjects/Public/Altera/CylnII_DoubleClick_Btn_LED/simulation/modelsim/simulation/Waveform.vwf.vt" used with --testbench_file option contains a non-existent directory path
Error: Quartus II 64-Bit EDA Netlist Writer was unsuccessful. 1 error, 0 warnings
    Error: Peak virtual memory: 390 megabytes
    Error: Processing ended: Fri Feb 06 17:11:48 2015
    Error: Elapsed time: 00:00:01
    Error: Total CPU time (on all processors): 00:00:01


